<?xml version="1.0" encoding="UTF-8"?>
<!-- Generated by org.testng.reporters.JUnitXMLReporter -->
<testsuite ignored="0" hostname="Srujal-Swayam" failures="0" tests="3" name="Default test" time="26.347" errors="0" timestamp="2024-12-01T21:04:51 IST">
  <testcase classname="com.crm.qa.testcases.LoginPageTest" name="loginPageTitleTest" time="3.821"/>
  <testcase classname="com.crm.qa.testcases.LoginPageTest" name="crmLogoTextTest" time="3.678"/>
  <testcase classname="com.crm.qa.testcases.LoginPageTest" name="loginTest" time="4.007"/>
</testsuite> <!-- Default test -->
