<?xml version="1.0" encoding="UTF-8"?>
<testng-results ignored="0" total="3" passed="3" failed="0" skipped="0">
  <reporter-output>
  </reporter-output>
  <suite started-at="2024-12-01T21:04:25 IST" name="Default suite" finished-at="2024-12-01T21:04:51 IST" duration-ms="26347">
    <groups>
    </groups>
    <test started-at="2024-12-01T21:04:25 IST" name="Default test" finished-at="2024-12-01T21:04:51 IST" duration-ms="26347">
      <class name="com.crm.qa.testcases.LoginPageTest">
        <test-method is-config="true" signature="setUp()[pri:0, instance:com.crm.qa.testcases.LoginPageTest@6d60fe40]" started-at="2024-12-01T21:04:25 IST" name="setUp" finished-at="2024-12-01T21:04:29 IST" duration-ms="4080" status="PASS">
          <reporter-output>
          </reporter-output>
        </test-method> <!-- setUp -->
        <test-method signature="loginPageTitleTest()[pri:1, instance:com.crm.qa.testcases.LoginPageTest@6d60fe40]" started-at="2024-12-01T21:04:29 IST" name="loginPageTitleTest" finished-at="2024-12-01T21:04:33 IST" duration-ms="3821" status="PASS">
          <reporter-output>
          </reporter-output>
        </test-method> <!-- loginPageTitleTest -->
        <test-method is-config="true" signature="tearDown()[pri:0, instance:com.crm.qa.testcases.LoginPageTest@6d60fe40]" started-at="2024-12-01T21:04:33 IST" name="tearDown" finished-at="2024-12-01T21:04:33 IST" duration-ms="440" status="PASS">
          <reporter-output>
          </reporter-output>
        </test-method> <!-- tearDown -->
        <test-method is-config="true" signature="setUp()[pri:0, instance:com.crm.qa.testcases.LoginPageTest@6d60fe40]" started-at="2024-12-01T21:04:33 IST" name="setUp" finished-at="2024-12-01T21:04:40 IST" duration-ms="7009" status="PASS">
          <reporter-output>
          </reporter-output>
        </test-method> <!-- setUp -->
        <test-method signature="crmLogoTextTest()[pri:2, instance:com.crm.qa.testcases.LoginPageTest@6d60fe40]" started-at="2024-12-01T21:04:40 IST" name="crmLogoTextTest" finished-at="2024-12-01T21:04:44 IST" duration-ms="3678" status="PASS">
          <reporter-output>
          </reporter-output>
        </test-method> <!-- crmLogoTextTest -->
        <test-method is-config="true" signature="tearDown()[pri:0, instance:com.crm.qa.testcases.LoginPageTest@6d60fe40]" started-at="2024-12-01T21:04:44 IST" name="tearDown" finished-at="2024-12-01T21:04:44 IST" duration-ms="652" status="PASS">
          <reporter-output>
          </reporter-output>
        </test-method> <!-- tearDown -->
        <test-method is-config="true" signature="setUp()[pri:0, instance:com.crm.qa.testcases.LoginPageTest@6d60fe40]" started-at="2024-12-01T21:04:44 IST" name="setUp" finished-at="2024-12-01T21:04:46 IST" duration-ms="2163" status="PASS">
          <reporter-output>
          </reporter-output>
        </test-method> <!-- setUp -->
        <test-method signature="loginTest()[pri:3, instance:com.crm.qa.testcases.LoginPageTest@6d60fe40]" started-at="2024-12-01T21:04:46 IST" name="loginTest" finished-at="2024-12-01T21:04:50 IST" duration-ms="4007" status="PASS">
          <reporter-output>
          </reporter-output>
        </test-method> <!-- loginTest -->
        <test-method is-config="true" signature="tearDown()[pri:0, instance:com.crm.qa.testcases.LoginPageTest@6d60fe40]" started-at="2024-12-01T21:04:50 IST" name="tearDown" finished-at="2024-12-01T21:04:51 IST" duration-ms="421" status="PASS">
          <reporter-output>
          </reporter-output>
        </test-method> <!-- tearDown -->
      </class> <!-- com.crm.qa.testcases.LoginPageTest -->
    </test> <!-- Default test -->
  </suite> <!-- Default suite -->
</testng-results>
